mode: set
github.com/nekruz08/wallet/pkg/wallet/service.go:30.78,31.37 1 1
github.com/nekruz08/wallet/pkg/wallet/service.go:36.2,43.20 4 1
github.com/nekruz08/wallet/pkg/wallet/service.go:31.37,32.26 1 0
github.com/nekruz08/wallet/pkg/wallet/service.go:32.26,34.4 1 0
github.com/nekruz08/wallet/pkg/wallet/service.go:46.69,47.15 1 1
github.com/nekruz08/wallet/pkg/wallet/service.go:51.1,52.32 2 1
github.com/nekruz08/wallet/pkg/wallet/service.go:58.1,58.16 1 1
github.com/nekruz08/wallet/pkg/wallet/service.go:62.1,63.11 2 1
github.com/nekruz08/wallet/pkg/wallet/service.go:47.15,49.3 1 0
github.com/nekruz08/wallet/pkg/wallet/service.go:52.32,53.22 1 1
github.com/nekruz08/wallet/pkg/wallet/service.go:53.22,55.8 2 1
github.com/nekruz08/wallet/pkg/wallet/service.go:58.16,60.2 1 0
github.com/nekruz08/wallet/pkg/wallet/service.go:66.113,67.15 1 1
github.com/nekruz08/wallet/pkg/wallet/service.go:71.2,72.33 2 1
github.com/nekruz08/wallet/pkg/wallet/service.go:78.2,78.17 1 1
github.com/nekruz08/wallet/pkg/wallet/service.go:81.2,81.27 1 1
github.com/nekruz08/wallet/pkg/wallet/service.go:85.2,95.20 5 1
github.com/nekruz08/wallet/pkg/wallet/service.go:67.15,69.3 1 0
github.com/nekruz08/wallet/pkg/wallet/service.go:72.33,73.23 1 1
github.com/nekruz08/wallet/pkg/wallet/service.go:73.23,75.9 2 1
github.com/nekruz08/wallet/pkg/wallet/service.go:78.17,80.3 1 0
github.com/nekruz08/wallet/pkg/wallet/service.go:81.27,83.3 1 0
github.com/nekruz08/wallet/pkg/wallet/service.go:98.50,100.15 2 1
github.com/nekruz08/wallet/pkg/wallet/service.go:103.1,104.15 2 1
github.com/nekruz08/wallet/pkg/wallet/service.go:107.2,109.12 3 1
github.com/nekruz08/wallet/pkg/wallet/service.go:100.15,102.2 1 0
github.com/nekruz08/wallet/pkg/wallet/service.go:104.15,106.2 1 0
github.com/nekruz08/wallet/pkg/wallet/service.go:112.76,113.37 1 1
github.com/nekruz08/wallet/pkg/wallet/service.go:118.2,118.31 1 1
github.com/nekruz08/wallet/pkg/wallet/service.go:113.37,114.27 1 1
github.com/nekruz08/wallet/pkg/wallet/service.go:114.27,116.4 1 1
github.com/nekruz08/wallet/pkg/wallet/service.go:122.75,123.37 1 1
github.com/nekruz08/wallet/pkg/wallet/service.go:128.2,128.31 1 0
github.com/nekruz08/wallet/pkg/wallet/service.go:123.37,124.27 1 1
github.com/nekruz08/wallet/pkg/wallet/service.go:124.27,126.4 1 1
